<?xml version="1.0" encoding="UTF-8"?>
<!-- Generated by org.testng.reporters.JUnitReportReporter -->
<testsuite hostname="LAPTOP-SL4APH59" failures="0" tests="2" name="com.walmart.qa.testcases.CreateAccountPageTest" time="70.116" errors="0" timestamp="09 Oct 2019 03:02:28 GMT" skipped="0">
  <testcase classname="com.walmart.qa.testcases.CreateAccountPageTest" name="createAccount" time="35.392"/>
  <testcase classname="com.walmart.qa.testcases.CreateAccountPageTest" name="createAccount" time="34.724"/>
</testsuite> <!-- com.walmart.qa.testcases.CreateAccountPageTest -->
