<?xml version="1.0" encoding="UTF-8"?>
<!-- Generated by org.testng.reporters.JUnitReportReporter -->
<testsuite hostname="LAPTOP-SL4APH59" failures="0" tests="1" name="com.walmart.qa.testcases.HomePageTest" time="42.368" errors="0" timestamp="09 Oct 2019 03:02:28 GMT" skipped="0">
  <testcase classname="com.walmart.qa.testcases.HomePageTest" name="searchItem" time="42.368"/>
</testsuite> <!-- com.walmart.qa.testcases.HomePageTest -->
