<?xml version="1.0" encoding="UTF-8"?>
<!-- Generated by org.testng.reporters.JUnitReportReporter -->
<testsuite hostname="LAPTOP-SL4APH59" failures="0" tests="1" name="com.walmart.qa.testdata.CreateAccountPageTest" time="25.360" errors="0" timestamp="20 Sep 2019 19:36:39 GMT" skipped="0">
  <testcase classname="com.walmart.qa.testdata.CreateAccountPageTest" name="input" time="25.360"/>
</testsuite> <!-- com.walmart.qa.testdata.CreateAccountPageTest -->
